===== 17.04.2012 13:55:38: Задание 'сайт': СИНХРОНИЗАЦИЮ запустил User на компьютере 'XIMIK666' =====
сайт: ~Айдар\Dropbox\Открытое занятие\фирменный стиль (C:\Users\Айдар\Dropbox\Открытое занятие\фирменный стиль) =forced-PropDels=> ftp://cdo.ieml.ru/public_html [ping-control] [no-proxy], SavePrevVers=30d, TmpDest, EstReq, CopyLocked, DetectMovesAndRenames, FileLinksDrill, CaseSens, Reconnect=3, CopyCreateTime
Locking folder C:\Users\Айдар\Dropbox\Открытое занятие\фирменный стиль for write
Locking folder ftp://cdo.ieml.ru/public_html for write
Удалён Файл 'ftp://cdo.ieml.ru/public_html/dod/dod/wpimages/wpeafa9371_06.png'
Sync State: /.idea
Скопировано поверх 'C:\Users\Айдар\Dropbox\Открытое занятие\фирменный стиль\.idea\.name' -> 'ftp://cdo.ieml.ru/public_html/.idea/.name'
Скопировано поверх 'C:\Users\Айдар\Dropbox\Открытое занятие\фирменный стиль\.idea\encodings.xml' -> 'ftp://cdo.ieml.ru/public_html/.idea/encodings.xml'
Скопировано поверх 'C:\Users\Айдар\Dropbox\Открытое занятие\фирменный стиль\.idea\misc.xml' -> 'ftp://cdo.ieml.ru/public_html/.idea/misc.xml'
Скопировано поверх 'C:\Users\Айдар\Dropbox\Открытое занятие\фирменный стиль\.idea\modules.xml' -> 'ftp://cdo.ieml.ru/public_html/.idea/modules.xml'
Sync State: /.idea/scopes
Скопировано поверх 'C:\Users\Айдар\Dropbox\Открытое занятие\фирменный стиль\.idea\scopes\scope_settings.xml' -> 'ftp://cdo.ieml.ru/public_html/.idea/scopes/scope_settings.xml'
Скопировано поверх 'C:\Users\Айдар\Dropbox\Открытое занятие\фирменный стиль\.idea\vcs.xml' -> 'ftp://cdo.ieml.ru/public_html/.idea/vcs.xml'
Скопировано поверх 'C:\Users\Айдар\Dropbox\Открытое занятие\фирменный стиль\.idea\workspace.xml' -> 'ftp://cdo.ieml.ru/public_html/.idea/workspace.xml'
Скопировано поверх 'C:\Users\Айдар\Dropbox\Открытое занятие\фирменный стиль\.idea\фирменный стиль.iml' -> 'ftp://cdo.ieml.ru/public_html/.idea/фирменный стиль.iml'
Скопировано поверх 'C:\Users\Айдар\Dropbox\Открытое занятие\фирменный стиль\2.JPG' -> 'ftp://cdo.ieml.ru/public_html/2.JPG'
Скопировано поверх 'C:\Users\Айдар\Dropbox\Открытое занятие\фирменный стиль\40x.html' -> 'ftp://cdo.ieml.ru/public_html/40x.html'
Скопировано поверх 'C:\Users\Айдар\Dropbox\Открытое занятие\фирменный стиль\abiturient.html' -> 'ftp://cdo.ieml.ru/public_html/abiturient.html'
Скопировано поверх 'C:\Users\Айдар\Dropbox\Открытое занятие\фирменный стиль\about.html' -> 'ftp://cdo.ieml.ru/public_html/about.html'
Скопировано поверх 'C:\Users\Айдар\Dropbox\Открытое занятие\фирменный стиль\about2.php' -> 'ftp://cdo.ieml.ru/public_html/about2.php'
Sync State: /assets
Sync State: /assets/css
Скопировано поверх 'C:\Users\Айдар\Dropbox\Открытое занятие\фирменный стиль\assets\css\social-icons.css' -> 'ftp://cdo.ieml.ru/public_html/assets/css/social-icons.css'
Скопировано поверх 'C:\Users\Айдар\Dropbox\Открытое занятие\фирменный стиль\assets\css\styles.css' -> 'ftp://cdo.ieml.ru/public_html/assets/css/styles.css'
Sync State: /assets/img
Скопировано поверх 'C:\Users\Айдар\Dropbox\Открытое занятие\фирменный стиль\assets\img\arrows.png' -> 'ftp://cdo.ieml.ru/public_html/assets/img/arrows.png'
Скопировано поверх 'C:\Users\Айдар\Dropbox\Открытое занятие\фирменный стиль\assets\img\bg.jpg' -> 'ftp://cdo.ieml.ru/public_html/assets/img/bg.jpg'
Скопировано поверх 'C:\Users\Айдар\Dropbox\Открытое занятие\фирменный стиль\assets\img\check16.png' -> 'ftp://cdo.ieml.ru/public_html/assets/img/check16.png'
Скопировано поверх 'C:\Users\Айдар\Dropbox\Открытое занятие\фирменный стиль\assets\img\docs.jpg' -> 'ftp://cdo.ieml.ru/public_html/assets/img/docs.jpg'
Скопировано поверх 'C:\Users\Айдар\Dropbox\Открытое занятие\фирменный стиль\assets\img\edu.jpg' -> 'ftp://cdo.ieml.ru/public_html/assets/img/edu.jpg'
Скопировано поверх 'C:\Users\Айдар\Dropbox\Открытое занятие\фирменный стиль\assets\img\index.jpg' -> 'ftp://cdo.ieml.ru/public_html/assets/img/index.jpg'
Скопировано поверх 'C:\Users\Айдар\Dropbox\Открытое занятие\фирменный стиль\assets\img\logo.png' -> 'ftp://cdo.ieml.ru/public_html/assets/img/logo.png'
Скопировано поверх 'C:\Users\Айдар\Dropbox\Открытое занятие\фирменный стиль\assets\img\mesto.jpg' -> 'ftp://cdo.ieml.ru/public_html/assets/img/mesto.jpg'
Скопировано поверх 'C:\Users\Айдар\Dropbox\Открытое занятие\фирменный стиль\assets\img\opacity.png' -> 'ftp://cdo.ieml.ru/public_html/assets/img/opacity.png'
Sync State: /assets/img/social-icons
Sync State: /assets/img/social-icons/circular
Скопировано поверх 'C:\Users\Айдар\Dropbox\Открытое занятие\фирменный стиль\assets\img\social-icons\circular\addthis_32.png' -> 'ftp://cdo.ieml.ru/public_html/assets/img/social-icons/circular/addthis_32.png'
Скопировано поверх 'C:\Users\Айдар\Dropbox\Открытое занятие\фирменный стиль\assets\img\social-icons\circular\aim2_32.png' -> 'ftp://cdo.ieml.ru/public_html/assets/img/social-icons/circular/aim2_32.png'
Скопировано поверх 'C:\Users\Айдар\Dropbox\Открытое занятие\фирменный стиль\assets\img\social-icons\circular\aim_32.png' -> 'ftp://cdo.ieml.ru/public_html/assets/img/social-icons/circular/aim_32.png'
Скопировано поверх 'C:\Users\Айдар\Dropbox\Открытое занятие\фирменный стиль\assets\img\social-icons\circular\apple_32.png' -> 'ftp://cdo.ieml.ru/public_html/assets/img/social-icons/circular/apple_32.png'
Скопировано поверх 'C:\Users\Айдар\Dropbox\Открытое занятие\фирменный стиль\assets\img\social-icons\circular\bebo_32.png' -> 'ftp://cdo.ieml.ru/public_html/assets/img/social-icons/circular/bebo_32.png'
Скопировано поверх 'C:\Users\Айдар\Dropbox\Открытое занятие\фирменный стиль\assets\img\social-icons\circular\behance_32.png' -> 'ftp://cdo.ieml.ru/public_html/assets/img/social-icons/circular/behance_32.png'
Скопировано поверх 'C:\Users\Айдар\Dropbox\Открытое занятие\фирменный стиль\assets\img\social-icons\circular\blogger_32.png' -> 'ftp://cdo.ieml.ru/public_html/assets/img/social-icons/circular/blogger_32.png'
Скопировано поверх 'C:\Users\Айдар\Dropbox\Открытое занятие\фирменный стиль\assets\img\social-icons\circular\brightkite_32.png' -> 'ftp://cdo.ieml.ru/public_html/assets/img/social-icons/circular/brightkite_32.png'
Скопировано поверх 'C:\Users\Айдар\Dropbox\Открытое занятие\фирменный стиль\assets\img\social-icons\circular\cargo_32.png' -> 'ftp://cdo.ieml.ru/public_html/assets/img/social-icons/circular/cargo_32.png'
Скопировано поверх 'C:\Users\Айдар\Dropbox\Открытое занятие\фирменный стиль\assets\img\social-icons\circular\chrome_6334.png' -> 'ftp://cdo.ieml.ru/public_html/assets/img/social-icons/circular/chrome_6334.png'
Скопировано поверх 'C:\Users\Айдар\Dropbox\Открытое занятие\фирменный стиль\assets\img\social-icons\circular\chrome_6370.png' -> 'ftp://cdo.ieml.ru/public_html/assets/img/social-icons/circular/chrome_6370.png'
Скопировано поверх 'C:\Users\Айдар\Dropbox\Открытое занятие\фирменный стиль\assets\img\social-icons\circular\delicious_32.png' -> 'ftp://cdo.ieml.ru/public_html/assets/img/social-icons/circular/delicious_32.png'
Скопировано поверх 'C:\Users\Айдар\Dropbox\Открытое занятие\фирменный стиль\assets\img\social-icons\circular\design_bump_32.png' -> 'ftp://cdo.ieml.ru/public_html/assets/img/social-icons/circular/design_bump_32.png'
Скопировано поверх 'C:\Users\Айдар\Dropbox\Открытое занятие\фирменный стиль\assets\img\social-icons\circular\designfloat_32.png' -> 'ftp://cdo.ieml.ru/public_html/assets/img/social-icons/circular/designfloat_32.png'
Скопировано поверх 'C:\Users\Айдар\Dropbox\Открытое занятие\фирменный стиль\assets\img\social-icons\circular\designmoo_32.png' -> 'ftp://cdo.ieml.ru/public_html/assets/img/social-icons/circular/designmoo_32.png'
Скопировано поверх 'C:\Users\Айдар\Dropbox\Открытое занятие\фирменный стиль\assets\img\social-icons\circular\deviantart_32.png' -> 'ftp://cdo.ieml.ru/public_html/assets/img/social-icons/circular/deviantart_32.png'
Скопировано поверх 'C:\Users\Айдар\Dropbox\Открытое занятие\фирменный стиль\assets\img\social-icons\circular\digg_32.png' -> 'ftp://cdo.ieml.ru/public_html/assets/img/social-icons/circular/digg_32.png'
Скопировано поверх 'C:\Users\Айдар\Dropbox\Открытое занятие\фирменный стиль\assets\img\social-icons\circular\dopplr_32.png' -> 'ftp://cdo.ieml.ru/public_html/assets/img/social-icons/circular/dopplr_32.png'
Скопировано поверх 'C:\Users\Айдар\Dropbox\Открытое занятие\фирменный стиль\assets\img\social-icons\circular\dribbble_32.png' -> 'ftp://cdo.ieml.ru/public_html/assets/img/social-icons/circular/dribbble_32.png'
Скопировано поверх 'C:\Users\Айдар\Dropbox\Открытое занятие\фирменный стиль\assets\img\social-icons\circular\email_32.png' -> 'ftp://cdo.ieml.ru/public_html/assets/img/social-icons/circular/email_32.png'
Скопировано поверх 'C:\Users\Айдар\Dropbox\Открытое занятие\фирменный стиль\assets\img\social-icons\circular\ember_32.png' -> 'ftp://cdo.ieml.ru/public_html/assets/img/social-icons/circular/ember_32.png'
Скопировано поверх 'C:\Users\Айдар\Dropbox\Открытое занятие\фирменный стиль\assets\img\social-icons\circular\evernote_32.png' -> 'ftp://cdo.ieml.ru/public_html/assets/img/social-icons/circular/evernote_32.png'
Скопировано поверх 'C:\Users\Айдар\Dropbox\Открытое занятие\фирменный стиль\assets\img\social-icons\circular\facebook_32.png' -> 'ftp://cdo.ieml.ru/public_html/assets/img/social-icons/circular/facebook_32.png'
Скопировано поверх 'C:\Users\Айдар\Dropbox\Открытое занятие\фирменный стиль\assets\img\social-icons\circular\firefox-icon_5448.png' -> 'ftp://cdo.ieml.ru/public_html/assets/img/social-icons/circular/firefox-icon_5448.png'
Скопировано поверх 'C:\Users\Айдар\Dropbox\Открытое занятие\фирменный стиль\assets\img\social-icons\circular\firefox_1704.png' -> 'ftp://cdo.ieml.ru/public_html/assets/img/social-icons/circular/firefox_1704.png'
Скопировано поверх 'C:\Users\Айдар\Dropbox\Открытое занятие\фирменный стиль\assets\img\social-icons\circular\firefox_alt_1269.png' -> 'ftp://cdo.ieml.ru/public_html/assets/img/social-icons/circular/firefox_alt_1269.png'
Скопировано поверх 'C:\Users\Айдар\Dropbox\Открытое занятие\фирменный стиль\assets\img\social-icons\circular\flickr_32.png' -> 'ftp://cdo.ieml.ru/public_html/assets/img/social-icons/circular/flickr_32.png'
Скопировано поверх 'C:\Users\Айдар\Dropbox\Открытое занятие\фирменный стиль\assets\img\social-icons\circular\friendfeed_32.png' -> 'ftp://cdo.ieml.ru/public_html/assets/img/social-icons/circular/friendfeed_32.png'
Скопировано поверх 'C:\Users\Айдар\Dropbox\Открытое занятие\фирменный стиль\assets\img\social-icons\circular\github_32.png' -> 'ftp://cdo.ieml.ru/public_html/assets/img/social-icons/circular/github_32.png'
Скопировано поверх 'C:\Users\Айдар\Dropbox\Открытое занятие\фирменный стиль\assets\img\social-icons\circular\google_32.png' -> 'ftp://cdo.ieml.ru/public_html/assets/img/social-icons/circular/google_32.png'
Скопировано поверх 'C:\Users\Айдар\Dropbox\Открытое занятие\фирменный стиль\assets\img\social-icons\circular\google_buzz_32.png' -> 'ftp://cdo.ieml.ru/public_html/assets/img/social-icons/circular/google_buzz_32.png'
Скопировано поверх 'C:\Users\Айдар\Dropbox\Открытое занятие\фирменный стиль\assets\img\social-icons\circular\google_talk_32.png' -> 'ftp://cdo.ieml.ru/public_html/assets/img/social-icons/circular/google_talk_32.png'
Скопировано поверх 'C:\Users\Айдар\Dropbox\Открытое занятие\фирменный стиль\assets\img\social-icons\circular\googlemaps_32.png' -> 'ftp://cdo.ieml.ru/public_html/assets/img/social-icons/circular/googlemaps_32.png'
Скопировано поверх 'C:\Users\Айдар\Dropbox\Открытое занятие\фирменный стиль\assets\img\social-icons\circular\konqueror_6267.png' -> 'ftp://cdo.ieml.ru/public_html/assets/img/social-icons/circular/konqueror_6267.png'
Скопировано поверх 'C:\Users\Айдар\Dropbox\Открытое занятие\фирменный стиль\assets\img\social-icons\circular\lastfm_32.png' -> 'ftp://cdo.ieml.ru/public_html/assets/img/social-icons/circular/lastfm_32.png'
Скопировано поверх 'C:\Users\Айдар\Dropbox\Открытое занятие\фирменный стиль\assets\img\social-icons\circular\linkedin_32.png' -> 'ftp://cdo.ieml.ru/public_html/assets/img/social-icons/circular/linkedin_32.png'
Скопировано поверх 'C:\Users\Айдар\Dropbox\Открытое занятие\фирменный стиль\assets\img\social-icons\circular\livejournal_32.png' -> 'ftp://cdo.ieml.ru/public_html/assets/img/social-icons/circular/livejournal_32.png'
Скопировано поверх 'C:\Users\Айдар\Dropbox\Открытое занятие\фирменный стиль\assets\img\social-icons\circular\mixx_32.png' -> 'ftp://cdo.ieml.ru/public_html/assets/img/social-icons/circular/mixx_32.png'
Скопировано поверх 'C:\Users\Айдар\Dropbox\Открытое занятие\фирменный стиль\assets\img\social-icons\circular\mobileme_32.png' -> 'ftp://cdo.ieml.ru/public_html/assets/img/social-icons/circular/mobileme_32.png'
Скопировано поверх 'C:\Users\Айдар\Dropbox\Открытое занятие\фирменный стиль\assets\img\social-icons\circular\moodle_32.png' -> 'ftp://cdo.ieml.ru/public_html/assets/img/social-icons/circular/moodle_32.png'
Скопировано поверх 'C:\Users\Айдар\Dropbox\Открытое занятие\фирменный стиль\assets\img\social-icons\circular\moodle_321.png' -> 'ftp://cdo.ieml.ru/public_html/assets/img/social-icons/circular/moodle_321.png'
Скопировано поверх 'C:\Users\Айдар\Dropbox\Открытое занятие\фирменный стиль\assets\img\social-icons\circular\msn_32.png' -> 'ftp://cdo.ieml.ru/public_html/assets/img/social-icons/circular/msn_32.png'
Скопировано поверх 'C:\Users\Айдар\Dropbox\Открытое занятие\фирменный стиль\assets\img\social-icons\circular\myspace_32.png' -> 'ftp://cdo.ieml.ru/public_html/assets/img/social-icons/circular/myspace_32.png'
Скопировано поверх 'C:\Users\Айдар\Dropbox\Открытое занятие\фирменный стиль\assets\img\social-icons\circular\netvibes_32.png' -> 'ftp://cdo.ieml.ru/public_html/assets/img/social-icons/circular/netvibes_32.png'
Скопировано поверх 'C:\Users\Айдар\Dropbox\Открытое занятие\фирменный стиль\assets\img\social-icons\circular\newsvine_32.png' -> 'ftp://cdo.ieml.ru/public_html/assets/img/social-icons/circular/newsvine_32.png'
Скопировано поверх 'C:\Users\Айдар\Dropbox\Открытое занятие\фирменный стиль\assets\img\social-icons\circular\opera-icon_6437.png' -> 'ftp://cdo.ieml.ru/public_html/assets/img/social-icons/circular/opera-icon_6437.png'
Скопировано поверх 'C:\Users\Айдар\Dropbox\Открытое занятие\фирменный стиль\assets\img\social-icons\circular\opera_3898.png' -> 'ftp://cdo.ieml.ru/public_html/assets/img/social-icons/circular/opera_3898.png'
Скопировано поверх 'C:\Users\Айдар\Dropbox\Открытое занятие\фирменный стиль\assets\img\social-icons\circular\opera_5888.png' -> 'ftp://cdo.ieml.ru/public_html/assets/img/social-icons/circular/opera_5888.png'
Скопировано поверх 'C:\Users\Айдар\Dropbox\Открытое занятие\фирменный стиль\assets\img\social-icons\circular\orkut_32.png' -> 'ftp://cdo.ieml.ru/public_html/assets/img/social-icons/circular/orkut_32.png'
Скопировано поверх 'C:\Users\Айдар\Dropbox\Открытое занятие\фирменный стиль\assets\img\social-icons\circular\pandora_32.png' -> 'ftp://cdo.ieml.ru/public_html/assets/img/social-icons/circular/pandora_32.png'
Скопировано поверх 'C:\Users\Айдар\Dropbox\Открытое занятие\фирменный стиль\assets\img\social-icons\circular\paypal_32.png' -> 'ftp://cdo.ieml.ru/public_html/assets/img/social-icons/circular/paypal_32.png'
Скопировано поверх 'C:\Users\Айдар\Dropbox\Открытое занятие\фирменный стиль\assets\img\social-icons\circular\picasa_32.png' -> 'ftp://cdo.ieml.ru/public_html/assets/img/social-icons/circular/picasa_32.png'
Скопировано поверх 'C:\Users\Айдар\Dropbox\Открытое занятие\фирменный стиль\assets\img\social-icons\circular\posterous_32.png' -> 'ftp://cdo.ieml.ru/public_html/assets/img/social-icons/circular/posterous_32.png'
Скопировано поверх 'C:\Users\Айдар\Dropbox\Открытое занятие\фирменный стиль\assets\img\social-icons\circular\qik_32.png' -> 'ftp://cdo.ieml.ru/public_html/assets/img/social-icons/circular/qik_32.png'
Скопировано поверх 'C:\Users\Айдар\Dropbox\Открытое занятие\фирменный стиль\assets\img\social-icons\circular\reddit_32.png' -> 'ftp://cdo.ieml.ru/public_html/assets/img/social-icons/circular/reddit_32.png'
Скопировано поверх 'C:\Users\Айдар\Dropbox\Открытое занятие\фирменный стиль\assets\img\social-icons\circular\rss_32.png' -> 'ftp://cdo.ieml.ru/public_html/assets/img/social-icons/circular/rss_32.png'
Скопировано поверх 'C:\Users\Айдар\Dropbox\Открытое занятие\фирменный стиль\assets\img\social-icons\circular\sharethis_32.png' -> 'ftp://cdo.ieml.ru/public_html/assets/img/social-icons/circular/sharethis_32.png'
Скопировано поверх 'C:\Users\Айдар\Dropbox\Открытое занятие\фирменный стиль\assets\img\social-icons\circular\skype_32.png' -> 'ftp://cdo.ieml.ru/public_html/assets/img/social-icons/circular/skype_32.png'
Скопировано поверх 'C:\Users\Айдар\Dropbox\Открытое занятие\фирменный стиль\assets\img\social-icons\circular\slashdot_32.png' -> 'ftp://cdo.ieml.ru/public_html/assets/img/social-icons/circular/slashdot_32.png'
Скопировано поверх 'C:\Users\Айдар\Dropbox\Открытое занятие\фирменный стиль\assets\img\social-icons\circular\squidoo_32.png' -> 'ftp://cdo.ieml.ru/public_html/assets/img/social-icons/circular/squidoo_32.png'
Скопировано поверх 'C:\Users\Айдар\Dropbox\Открытое занятие\фирменный стиль\assets\img\social-icons\circular\stumbleupon_32.png' -> 'ftp://cdo.ieml.ru/public_html/assets/img/social-icons/circular/stumbleupon_32.png'
Скопировано поверх 'C:\Users\Айдар\Dropbox\Открытое занятие\фирменный стиль\assets\img\social-icons\circular\technorati_32.png' -> 'ftp://cdo.ieml.ru/public_html/assets/img/social-icons/circular/technorati_32.png'
Скопировано поверх 'C:\Users\Айдар\Dropbox\Открытое занятие\фирменный стиль\assets\img\social-icons\circular\tumblr_32.png' -> 'ftp://cdo.ieml.ru/public_html/assets/img/social-icons/circular/tumblr_32.png'
Скопировано поверх 'C:\Users\Айдар\Dropbox\Открытое занятие\фирменный стиль\assets\img\social-icons\circular\twitter_32.png' -> 'ftp://cdo.ieml.ru/public_html/assets/img/social-icons/circular/twitter_32.png'
Скопировано поверх 'C:\Users\Айдар\Dropbox\Открытое занятие\фирменный стиль\assets\img\social-icons\circular\viddler_32.png' -> 'ftp://cdo.ieml.ru/public_html/assets/img/social-icons/circular/viddler_32.png'
Скопировано поверх 'C:\Users\Айдар\Dropbox\Открытое занятие\фирменный стиль\assets\img\social-icons\circular\vimeo_32.png' -> 'ftp://cdo.ieml.ru/public_html/assets/img/social-icons/circular/vimeo_32.png'
Скопировано поверх 'C:\Users\Айдар\Dropbox\Открытое занятие\фирменный стиль\assets\img\social-icons\circular\virb_32.png' -> 'ftp://cdo.ieml.ru/public_html/assets/img/social-icons/circular/virb_32.png'
Скопировано поверх 'C:\Users\Айдар\Dropbox\Открытое занятие\фирменный стиль\assets\img\social-icons\circular\windows_32.png' -> 'ftp://cdo.ieml.ru/public_html/assets/img/social-icons/circular/windows_32.png'
Скопировано поверх 'C:\Users\Айдар\Dropbox\Открытое занятие\фирменный стиль\assets\img\social-icons\circular\wordpress_32.png' -> 'ftp://cdo.ieml.ru/public_html/assets/img/social-icons/circular/wordpress_32.png'
Скопировано поверх 'C:\Users\Айдар\Dropbox\Открытое занятие\фирменный стиль\assets\img\social-icons\circular\xing_32.png' -> 'ftp://cdo.ieml.ru/public_html/assets/img/social-icons/circular/xing_32.png'
Скопировано поверх 'C:\Users\Айдар\Dropbox\Открытое занятие\фирменный стиль\assets\img\social-icons\circular\yahoo_32.png' -> 'ftp://cdo.ieml.ru/public_html/assets/img/social-icons/circular/yahoo_32.png'
Скопировано поверх 'C:\Users\Айдар\Dropbox\Открытое занятие\фирменный стиль\assets\img\social-icons\circular\yahoo_buzz_32.png' -> 'ftp://cdo.ieml.ru/public_html/assets/img/social-icons/circular/yahoo_buzz_32.png'
Скопировано поверх 'C:\Users\Айдар\Dropbox\Открытое занятие\фирменный стиль\assets\img\social-icons\circular\yelp_32.png' -> 'ftp://cdo.ieml.ru/public_html/assets/img/social-icons/circular/yelp_32.png'
Скопировано поверх 'C:\Users\Айдар\Dropbox\Открытое занятие\фирменный стиль\assets\img\social-icons\circular\youtube_32.png' -> 'ftp://cdo.ieml.ru/public_html/assets/img/social-icons/circular/youtube_32.png'
Скопировано поверх 'C:\Users\Айдар\Dropbox\Открытое занятие\фирменный стиль\assets\img\social-icons\circular.zip' -> 'ftp://cdo.ieml.ru/public_html/assets/img/social-icons/circular.zip'
Sync State: /assets/img/social-icons/circular1
Скопировано поверх 'C:\Users\Айдар\Dropbox\Открытое занятие\фирменный стиль\assets\img\social-icons\circular1\addthis_32.png' -> 'ftp://cdo.ieml.ru/public_html/assets/img/social-icons/circular1/addthis_32.png'
Скопировано поверх 'C:\Users\Айдар\Dropbox\Открытое занятие\фирменный стиль\assets\img\social-icons\circular1\aim2_32.png' -> 'ftp://cdo.ieml.ru/public_html/assets/img/social-icons/circular1/aim2_32.png'
Скопировано поверх 'C:\Users\Айдар\Dropbox\Открытое занятие\фирменный стиль\assets\img\social-icons\circular1\aim_32.png' -> 'ftp://cdo.ieml.ru/public_html/assets/img/social-icons/circular1/aim_32.png'
Скопировано поверх 'C:\Users\Айдар\Dropbox\Открытое занятие\фирменный стиль\assets\img\social-icons\circular1\apple_32.png' -> 'ftp://cdo.ieml.ru/public_html/assets/img/social-icons/circular1/apple_32.png'
Скопировано поверх 'C:\Users\Айдар\Dropbox\Открытое занятие\фирменный стиль\assets\img\social-icons\circular1\bebo_32.png' -> 'ftp://cdo.ieml.ru/public_html/assets/img/social-icons/circular1/bebo_32.png'
Сохраняю файл состояний C:\Users\Айдар\Dropbox\Открытое занятие\фирменный стиль\_gsdata_\_file_state._gs
Сохраняю файл состояний ftp://cdo.ieml.ru/public_html/_gsdata_/_file_state._gs
Delete lock file C:\Users\Айдар\Dropbox\Открытое занятие\фирменный стиль\_gsdata_\lock.gsl
Server side changed, upload stamp file ftp://cdo.ieml.ru/public_html/_gsdata_/_insync.gsl
Синхронизировано: 113, Ошибок: 0
Синхронизация прервана пользователем

